Oculus demos/VrFlight/Projects/Android/build/outputs/logs/manifest-merger-debug-report.txt
-- Merging decision tree log ---
manifest
ADDED from Projects\Android\AndroidManifest.xml:2:1-37:12
	xmlns:tools
		ADDED from Projects\Android\AndroidManifest.xml:6:3-49
	xmlns:android
		ADDED from Projects\Android\AndroidManifest.xml:2:11-69
	package
		ADDED from Projects\Android\AndroidManifest.xml:3:3-37
	android:versionName
		ADDED from Projects\Android\AndroidManifest.xml:5:3-28
	android:versionCode
		ADDED from Projects\Android\AndroidManifest.xml:4:3-26
		INJECTED from Projects\Android\AndroidManifest.xml
		INJECTED from Projects\Android\AndroidManifest.xml
uses-sdk
ADDED from Projects\Android\AndroidManifest.xml:8:2-71
MERGED from [:VrAppFramework:] AndroidManifest.xml:7:5-9:41
MERGED from [OculusRoot.VrAppSupport.SystemUtils.Projects:AndroidPrebuilt:unspecified] AndroidManifest.xml:7:5-10:16
MERGED from [OculusRoot.VrApi.Projects:AndroidPrebuilt:unspecified] AndroidManifest.xml:5:5-7:41
MERGED from [OculusRoot.VrAppSupport.VrGUI.Projects:AndroidPrebuilt:unspecified] AndroidManifest.xml:7:5-9:41
MERGED from [OculusRoot.VrAppSupport.VrLocale.Projects:AndroidPrebuilt:unspecified] AndroidManifest.xml:7:5-9:41
MERGED from [OculusRoot.VrAppSupport.VrSound.Projects:AndroidPrebuilt:unspecified] AndroidManifest.xml:7:5-9:41
MERGED from [OculusRoot:g3MAndroidSDK:unspecified] AndroidManifest.xml:7:5-9:41
	android:targetSdkVersion
		ADDED from Projects\Android\AndroidManifest.xml:8:39-68
	android:minSdkVersion
		ADDED from Projects\Android\AndroidManifest.xml:8:12-38
uses-permission#android.permission.READ_EXTERNAL_STORAGE
ADDED from Projects\Android\AndroidManifest.xml:10:2-76
	android:name
		ADDED from Projects\Android\AndroidManifest.xml:10:19-74
uses-permission#android.permission.ACCESS_NETWORK_STATE
ADDED from Projects\Android\AndroidManifest.xml:11:2-76
	android:name
		ADDED from Projects\Android\AndroidManifest.xml:11:19-73
uses-permission#android.permission.INTERNET
ADDED from Projects\Android\AndroidManifest.xml:13:2-64
	android:name
		ADDED from Projects\Android\AndroidManifest.xml:13:19-61
uses-feature#android.hardware.camera
ADDED from Projects\Android\AndroidManifest.xml:15:2-57
	android:name
		ADDED from Projects\Android\AndroidManifest.xml:15:16-54
uses-feature#android.hardware.usb.host
ADDED from Projects\Android\AndroidManifest.xml:16:2-59
	android:name
		ADDED from Projects\Android\AndroidManifest.xml:16:16-56
uses-feature#0x00030000
ADDED from Projects\Android\AndroidManifest.xml:18:2-74
	android:required
		ADDED from Projects\Android\AndroidManifest.xml:18:49-72
	android:glEsVersion
		ADDED from Projects\Android\AndroidManifest.xml:18:16-48
application
ADDED from Projects\Android\AndroidManifest.xml:19:2-36:16
MERGED from [OculusRoot.VrAppSupport.SystemUtils.Projects:AndroidPrebuilt:unspecified] AndroidManifest.xml:12:5-20
MERGED from [OculusRoot.VrAppSupport.VrGUI.Projects:AndroidPrebuilt:unspecified] AndroidManifest.xml:11:5-12:19
MERGED from [OculusRoot:g3MAndroidSDK:unspecified] AndroidManifest.xml:14:5-15:19
	android:label
		ADDED from Projects\Android\AndroidManifest.xml:20:4-48
		REJECTED from [OculusRoot:g3MAndroidSDK:unspecified] AndroidManifest.xml:14:18-47
	tools:replace
		ADDED from Projects\Android\AndroidManifest.xml:19:15-44
meta-data#com.samsung.android.vr.application.mode
ADDED from Projects\Android\AndroidManifest.xml:21:3-94
	android:name
		ADDED from Projects\Android\AndroidManifest.xml:21:14-68
	android:value
		ADDED from Projects\Android\AndroidManifest.xml:21:69-92
activity#com.oculus.vrcubeworld.MainActivity
ADDED from Projects\Android\AndroidManifest.xml:24:3-35:14
	android:screenOrientation
		ADDED from Projects\Android\AndroidManifest.xml:28:5-42
	android:configChanges
		ADDED from Projects\Android\AndroidManifest.xml:29:5-75
	android:theme
		ADDED from Projects\Android\AndroidManifest.xml:26:5-69
	android:name
		ADDED from Projects\Android\AndroidManifest.xml:25:5-55
	android:launchMode
		ADDED from Projects\Android\AndroidManifest.xml:27:5-36
intent-filter#android.intent.action.MAIN+android.intent.category.LAUNCHER
ADDED from Projects\Android\AndroidManifest.xml:31:4-34:20
action#android.intent.action.MAIN
ADDED from Projects\Android\AndroidManifest.xml:32:5-57
	android:name
		ADDED from Projects\Android\AndroidManifest.xml:32:13-54
category#android.intent.category.LAUNCHER
ADDED from Projects\Android\AndroidManifest.xml:33:5-65
	android:name
		ADDED from Projects\Android\AndroidManifest.xml:33:15-62
uses-feature#0x00020000
ADDED from [OculusRoot:g3MAndroidSDK:unspecified] AndroidManifest.xml:11:5-54
REJECTED from Projects\Android\AndroidManifest.xml:11:5-54
	android:glEsVersion
		ADDED from [OculusRoot:g3MAndroidSDK:unspecified] AndroidManifest.xml:11:19-51
uses-feature#android.hardware.gyroscope
ADDED from [OculusRoot:g3MAndroidSDK:unspecified] AndroidManifest.xml:12:5-63
	android:name
		ADDED from [OculusRoot:g3MAndroidSDK:unspecified] AndroidManifest.xml:12:19-60